Build started 11-01-2021 20:03:28.
     1>Project "C:\Users\stuti\Downloads\Speech Processing\Assignments\hmm2\hmm2\hmm2.vcxproj" on node 2 (build target(s)).
     1>InitializeBuildStatus:
         Creating "Debug\hmm2.unsuccessfulbuild" because "AlwaysCreate" was specified.
       ClCompile:
         All outputs are up-to-date.
         C:\Program Files (x86)\Microsoft Visual Studio 10.0\VC\bin\CL.exe /c /ZI /nologo /W3 /WX- /Od /Oy- /D WIN32 /D _DEBUG /D _CONSOLE /D _UNICODE /D UNICODE /Gm /EHsc /RTC1 /MDd /GS /fp:precise /Zc:wchar_t /Zc:forScope /Yu"StdAfx.h" /Fp"Debug\hmm2.pch" /Fo"Debug\\" /Fd"Debug\vc100.pdb" /Gd /TP /analyze- /errorReport:prompt hmm2.cpp
         hmm2.cpp
     1>c:\users\stuti\downloads\speech processing\assignments\hmm2\hmm2\hmm2.cpp(118): warning C4018: '<' : signed/unsigned mismatch
     1>c:\users\stuti\downloads\speech processing\assignments\hmm2\hmm2\hmm2.cpp(130): warning C4018: '<' : signed/unsigned mismatch
     1>c:\users\stuti\downloads\speech processing\assignments\hmm2\hmm2\hmm2.cpp(115): warning C4101: 'sample_value_signed' : unreferenced local variable
     1>c:\users\stuti\downloads\speech processing\assignments\hmm2\hmm2\hmm2.cpp(566): warning C4244: '=' : conversion from 'long double' to 'int', possible loss of data
     1>c:\users\stuti\downloads\speech processing\assignments\hmm2\hmm2\hmm2.cpp(597): warning C4101: 'max_in_b_row_index' : unreferenced local variable
     1>c:\users\stuti\downloads\speech processing\assignments\hmm2\hmm2\hmm2.cpp(1127): warning C4018: '>' : signed/unsigned mismatch
     1>c:\users\stuti\downloads\speech processing\assignments\hmm2\hmm2\hmm2.cpp(1138): warning C4244: 'argument' : conversion from '__int64' to 'int', possible loss of data
       ManifestResourceCompile:
         All outputs are up-to-date.
       Link:
         C:\Program Files (x86)\Microsoft Visual Studio 10.0\VC\bin\link.exe /ERRORREPORT:PROMPT /OUT:"C:\Users\stuti\Downloads\Speech Processing\Assignments\hmm2\Debug\hmm2.exe" /INCREMENTAL /NOLOGO kernel32.lib user32.lib gdi32.lib winspool.lib comdlg32.lib advapi32.lib shell32.lib ole32.lib oleaut32.lib uuid.lib odbc32.lib odbccp32.lib /MANIFEST /ManifestFile:"Debug\hmm2.exe.intermediate.manifest" /MANIFESTUAC:"level='asInvoker' uiAccess='false'" /DEBUG /PDB:"C:\Users\stuti\Downloads\Speech Processing\Assignments\hmm2\Debug\hmm2.pdb" /SUBSYSTEM:CONSOLE /TLBID:1 /DYNAMICBASE /NXCOMPAT /IMPLIB:"C:\Users\stuti\Downloads\Speech Processing\Assignments\hmm2\Debug\hmm2.lib" /MACHINE:X86 Debug\hmm2.exe.embed.manifest.res
         Debug\hmm2.obj
         Debug\stdafx.obj
       Manifest:
         C:\Program Files (x86)\Microsoft SDKs\Windows\v7.0A\bin\mt.exe /nologo /verbose /out:"Debug\hmm2.exe.embed.manifest" /manifest Debug\hmm2.exe.intermediate.manifest
         All outputs are up-to-date.
       LinkEmbedManifest:
         All outputs are up-to-date.
         hmm2.vcxproj -> C:\Users\stuti\Downloads\Speech Processing\Assignments\hmm2\Debug\hmm2.exe
       FinalizeBuildStatus:
         Deleting file "Debug\hmm2.unsuccessfulbuild".
         Touching "Debug\hmm2.lastbuildstate".
     1>Done Building Project "C:\Users\stuti\Downloads\Speech Processing\Assignments\hmm2\hmm2\hmm2.vcxproj" (build target(s)).

Build succeeded.

Time Elapsed 00:00:00.95
